<?xml version="1.0" encoding="UTF-8"?>
<!-- Generated by org.testng.reporters.JUnitXMLReporter -->
<testsuite ignored="0" hostname="LAPTOP-KFM2KDI1" failures="0" tests="4" name="Test" time="22.053" errors="0" timestamp="2023-12-26T01:10:40 IST">
  <testcase classname="Test.InputTest" name="inputTest" time="4.313"/>
  <testcase classname="Test.SimpleFormTest" name="simpleFormTest" time="4.661"/>
  <testcase classname="Test.CheckBoxTest" name="checkBoxTest" time="4.107"/>
  <testcase classname="Test.AjaxFormTest" name="ajaxFormTest" time="7.559"/>
</testsuite> <!-- Test -->
