<?xml version="1.0" encoding="UTF-8"?>
<testng-results ignored="0" total="10" passed="10" failed="0" skipped="0">
  <reporter-output>
  </reporter-output>
  <suite started-at="2024-01-16T00:05:27 IST" name="Framework1Suite" finished-at="2024-01-16T00:06:19 IST" duration-ms="51945">
    <groups>
    </groups>
    <test started-at="2024-01-16T00:05:27 IST" name="Simple form" finished-at="2024-01-16T00:05:39 IST" duration-ms="11587">
      <class name="Test.SimpleFormTest">
        <test-method is-config="true" signature="setUp(java.lang.String)[pri:0, instance:Test.SimpleFormTest@34b9f960]" started-at="2024-01-16T00:05:28 IST" name="setUp" finished-at="2024-01-16T00:05:36 IST" duration-ms="8568" status="PASS">
          <params>
            <param index="0">
              <value>
                <![CDATA[chrome]]>
              </value>
            </param>
          </params>
          <reporter-output>
          </reporter-output>
        </test-method> <!-- setUp -->
        <test-method signature="simpleFormTest()[pri:0, instance:Test.SimpleFormTest@34b9f960]" started-at="2024-01-16T00:05:36 IST" name="simpleFormTest" finished-at="2024-01-16T00:05:39 IST" duration-ms="2369" status="PASS">
          <reporter-output>
          </reporter-output>
        </test-method> <!-- simpleFormTest -->
        <test-method is-config="true" signature="closeTest()[pri:0, instance:Test.SimpleFormTest@34b9f960]" started-at="2024-01-16T00:05:39 IST" name="closeTest" finished-at="2024-01-16T00:05:39 IST" duration-ms="502" status="PASS">
          <reporter-output>
          </reporter-output>
        </test-method> <!-- closeTest -->
      </class> <!-- Test.SimpleFormTest -->
    </test> <!-- Simple form -->
    <test started-at="2024-01-16T00:05:27 IST" name="Input Test" finished-at="2024-01-16T00:05:44 IST" duration-ms="16880">
      <class name="Test.InputTest">
        <test-method is-config="true" signature="setUp(java.lang.String)[pri:0, instance:Test.InputTest@463fd068]" started-at="2024-01-16T00:05:28 IST" name="setUp" finished-at="2024-01-16T00:05:40 IST" duration-ms="12777" status="PASS">
          <params>
            <param index="0">
              <value>
                <![CDATA[firefox]]>
              </value>
            </param>
          </params>
          <reporter-output>
          </reporter-output>
        </test-method> <!-- setUp -->
        <test-method signature="inputTest()[pri:0, instance:Test.InputTest@463fd068]" started-at="2024-01-16T00:05:40 IST" name="inputTest" finished-at="2024-01-16T00:05:43 IST" duration-ms="2750" status="PASS">
          <reporter-output>
          </reporter-output>
        </test-method> <!-- inputTest -->
        <test-method is-config="true" signature="closeTest()[pri:0, instance:Test.InputTest@463fd068]" started-at="2024-01-16T00:05:43 IST" name="closeTest" finished-at="2024-01-16T00:05:44 IST" duration-ms="1327" status="PASS">
          <reporter-output>
          </reporter-output>
        </test-method> <!-- closeTest -->
      </class> <!-- Test.InputTest -->
    </test> <!-- Input Test -->
    <test started-at="2024-01-16T00:05:44 IST" name="Javascript prompt Alert Test" finished-at="2024-01-16T00:05:52 IST" duration-ms="7530">
      <class name="Test.JavascriptPromptVerifyTest">
        <test-method is-config="true" signature="setUp(java.lang.String)[pri:0, instance:Test.JavascriptPromptVerifyTest@589da3f3]" started-at="2024-01-16T00:05:44 IST" name="setUp" finished-at="2024-01-16T00:05:50 IST" duration-ms="5090" status="PASS">
          <params>
            <param index="0">
              <value>
                <![CDATA[chrome]]>
              </value>
            </param>
          </params>
          <reporter-output>
          </reporter-output>
        </test-method> <!-- setUp -->
        <test-method signature="jsPrompt()[pri:0, instance:Test.JavascriptPromptVerifyTest@589da3f3]" started-at="2024-01-16T00:05:50 IST" name="jsPrompt" finished-at="2024-01-16T00:05:51 IST" duration-ms="1716" status="PASS">
          <reporter-output>
          </reporter-output>
        </test-method> <!-- jsPrompt -->
        <test-method is-config="true" signature="closeTest()[pri:0, instance:Test.JavascriptPromptVerifyTest@589da3f3]" started-at="2024-01-16T00:05:51 IST" name="closeTest" finished-at="2024-01-16T00:05:52 IST" duration-ms="719" status="PASS">
          <reporter-output>
          </reporter-output>
        </test-method> <!-- closeTest -->
      </class> <!-- Test.JavascriptPromptVerifyTest -->
    </test> <!-- Javascript prompt Alert Test -->
    <test started-at="2024-01-16T00:05:40 IST" name="Facebook test" finished-at="2024-01-16T00:05:54 IST" duration-ms="14175">
      <class name="Test.WindowPopUpTest">
        <test-method is-config="true" signature="setUp(java.lang.String)[pri:0, instance:Test.WindowPopUpTest@651aed93]" started-at="2024-01-16T00:05:40 IST" name="setUp" finished-at="2024-01-16T00:05:47 IST" duration-ms="7144" status="PASS">
          <params>
            <param index="0">
              <value>
                <![CDATA[chrome]]>
              </value>
            </param>
          </params>
          <reporter-output>
          </reporter-output>
        </test-method> <!-- setUp -->
        <test-method signature="windowPopUp()[pri:0, instance:Test.WindowPopUpTest@651aed93]" started-at="2024-01-16T00:05:47 IST" name="windowPopUp" finished-at="2024-01-16T00:05:52 IST" duration-ms="5323" status="PASS">
          <reporter-output>
          </reporter-output>
        </test-method> <!-- windowPopUp -->
        <test-method is-config="true" signature="closeTest()[pri:0, instance:Test.WindowPopUpTest@651aed93]" started-at="2024-01-16T00:05:52 IST" name="closeTest" finished-at="2024-01-16T00:05:54 IST" duration-ms="1699" status="PASS">
          <reporter-output>
          </reporter-output>
        </test-method> <!-- closeTest -->
      </class> <!-- Test.WindowPopUpTest -->
    </test> <!-- Facebook test -->
    <test started-at="2024-01-16T00:05:52 IST" name="Form Test" finished-at="2024-01-16T00:06:02 IST" duration-ms="9943">
      <class name="Test.FormSubmitTest">
        <test-method is-config="true" signature="setUp(java.lang.String)[pri:0, instance:Test.FormSubmitTest@1cb346ea]" started-at="2024-01-16T00:05:52 IST" name="setUp" finished-at="2024-01-16T00:05:59 IST" duration-ms="6949" status="PASS">
          <params>
            <param index="0">
              <value>
                <![CDATA[chrome]]>
              </value>
            </param>
          </params>
          <reporter-output>
          </reporter-output>
        </test-method> <!-- setUp -->
        <test-method signature="formSubmitTest()[pri:0, instance:Test.FormSubmitTest@1cb346ea]" started-at="2024-01-16T00:05:59 IST" name="formSubmitTest" finished-at="2024-01-16T00:06:02 IST" duration-ms="2480" status="PASS">
          <reporter-output>
          </reporter-output>
        </test-method> <!-- formSubmitTest -->
        <test-method is-config="true" signature="closeTest()[pri:0, instance:Test.FormSubmitTest@1cb346ea]" started-at="2024-01-16T00:06:02 IST" name="closeTest" finished-at="2024-01-16T00:06:02 IST" duration-ms="512" status="PASS">
          <reporter-output>
          </reporter-output>
        </test-method> <!-- closeTest -->
      </class> <!-- Test.FormSubmitTest -->
    </test> <!-- Form Test -->
    <test started-at="2024-01-16T00:05:54 IST" name="Form Error Test" finished-at="2024-01-16T00:06:04 IST" duration-ms="10251">
      <class name="Test.SubmitFormErrorTest">
        <test-method is-config="true" signature="setUp(java.lang.String)[pri:0, instance:Test.SubmitFormErrorTest@e3c0e40]" started-at="2024-01-16T00:05:54 IST" name="setUp" finished-at="2024-01-16T00:06:00 IST" duration-ms="6335" status="PASS">
          <params>
            <param index="0">
              <value>
                <![CDATA[chrome]]>
              </value>
            </param>
          </params>
          <reporter-output>
          </reporter-output>
        </test-method> <!-- setUp -->
        <test-method signature="formSubmitTest()[pri:0, instance:Test.SubmitFormErrorTest@e3c0e40]" started-at="2024-01-16T00:06:00 IST" name="formSubmitTest" finished-at="2024-01-16T00:06:03 IST" duration-ms="2250" status="PASS">
          <reporter-output>
          </reporter-output>
        </test-method> <!-- formSubmitTest -->
        <test-method is-config="true" signature="closeTest()[pri:0, instance:Test.SubmitFormErrorTest@e3c0e40]" started-at="2024-01-16T00:06:03 IST" name="closeTest" finished-at="2024-01-16T00:06:04 IST" duration-ms="1660" status="PASS">
          <reporter-output>
          </reporter-output>
        </test-method> <!-- closeTest -->
      </class> <!-- Test.SubmitFormErrorTest -->
    </test> <!-- Form Error Test -->
    <test started-at="2024-01-16T00:06:02 IST" name="Radio button Test" finished-at="2024-01-16T00:06:10 IST" duration-ms="7216">
      <class name="Test.RadioButtonTest">
        <test-method is-config="true" signature="setUp(java.lang.String)[pri:0, instance:Test.RadioButtonTest@479cbee5]" started-at="2024-01-16T00:06:02 IST" name="setUp" finished-at="2024-01-16T00:06:08 IST" duration-ms="5352" status="PASS">
          <params>
            <param index="0">
              <value>
                <![CDATA[chrome]]>
              </value>
            </param>
          </params>
          <reporter-output>
          </reporter-output>
        </test-method> <!-- setUp -->
        <test-method signature="radioBtnTest()[pri:0, instance:Test.RadioButtonTest@479cbee5]" started-at="2024-01-16T00:06:08 IST" name="radioBtnTest" finished-at="2024-01-16T00:06:09 IST" duration-ms="1609" status="PASS">
          <reporter-output>
          </reporter-output>
        </test-method> <!-- radioBtnTest -->
        <test-method is-config="true" signature="closeTest()[pri:0, instance:Test.RadioButtonTest@479cbee5]" started-at="2024-01-16T00:06:09 IST" name="closeTest" finished-at="2024-01-16T00:06:10 IST" duration-ms="248" status="PASS">
          <reporter-output>
          </reporter-output>
        </test-method> <!-- closeTest -->
      </class> <!-- Test.RadioButtonTest -->
    </test> <!-- Radio button Test -->
    <test started-at="2024-01-16T00:06:04 IST" name="JQuery Test" finished-at="2024-01-16T00:06:12 IST" duration-ms="7695">
      <class name="Test.JQueryTest">
        <test-method is-config="true" signature="setUp(java.lang.String)[pri:0, instance:Test.JQueryTest@1787bc24]" started-at="2024-01-16T00:06:04 IST" name="setUp" finished-at="2024-01-16T00:06:11 IST" duration-ms="6120" status="PASS">
          <params>
            <param index="0">
              <value>
                <![CDATA[chrome]]>
              </value>
            </param>
          </params>
          <reporter-output>
          </reporter-output>
        </test-method> <!-- setUp -->
        <test-method signature="jQueryTest()[pri:0, instance:Test.JQueryTest@1787bc24]" started-at="2024-01-16T00:06:11 IST" name="jQueryTest" finished-at="2024-01-16T00:06:12 IST" duration-ms="1264" status="PASS">
          <reporter-output>
          </reporter-output>
        </test-method> <!-- jQueryTest -->
        <test-method is-config="true" signature="closeTest()[pri:0, instance:Test.JQueryTest@1787bc24]" started-at="2024-01-16T00:06:12 IST" name="closeTest" finished-at="2024-01-16T00:06:12 IST" duration-ms="308" status="PASS">
          <reporter-output>
          </reporter-output>
        </test-method> <!-- closeTest -->
      </class> <!-- Test.JQueryTest -->
    </test> <!-- JQuery Test -->
    <test started-at="2024-01-16T00:06:10 IST" name="Drag and Drop Test" finished-at="2024-01-16T00:06:17 IST" duration-ms="7521">
      <class name="Test.DragAndDropTest">
        <test-method is-config="true" signature="setUp(java.lang.String)[pri:0, instance:Test.DragAndDropTest@26df6e3a]" started-at="2024-01-16T00:06:10 IST" name="setUp" finished-at="2024-01-16T00:06:15 IST" duration-ms="5001" status="PASS">
          <params>
            <param index="0">
              <value>
                <![CDATA[chrome]]>
              </value>
            </param>
          </params>
          <reporter-output>
          </reporter-output>
        </test-method> <!-- setUp -->
        <test-method signature="dragAndDropTest()[pri:0, instance:Test.DragAndDropTest@26df6e3a]" started-at="2024-01-16T00:06:15 IST" name="dragAndDropTest" finished-at="2024-01-16T00:06:16 IST" duration-ms="1587" status="PASS">
          <reporter-output>
          </reporter-output>
        </test-method> <!-- dragAndDropTest -->
        <test-method is-config="true" signature="closeTest()[pri:0, instance:Test.DragAndDropTest@26df6e3a]" started-at="2024-01-16T00:06:16 IST" name="closeTest" finished-at="2024-01-16T00:06:17 IST" duration-ms="930" status="PASS">
          <reporter-output>
          </reporter-output>
        </test-method> <!-- closeTest -->
      </class> <!-- Test.DragAndDropTest -->
    </test> <!-- Drag and Drop Test -->
    <test started-at="2024-01-16T00:06:12 IST" name="Table Verify Test" finished-at="2024-01-16T00:06:19 IST" duration-ms="7222">
      <class name="Test.TableDataVerifyTest">
        <test-method is-config="true" signature="setUp(java.lang.String)[pri:0, instance:Test.TableDataVerifyTest@658c5a19]" started-at="2024-01-16T00:06:12 IST" name="setUp" finished-at="2024-01-16T00:06:16 IST" duration-ms="3929" status="PASS">
          <params>
            <param index="0">
              <value>
                <![CDATA[chrome]]>
              </value>
            </param>
          </params>
          <reporter-output>
          </reporter-output>
        </test-method> <!-- setUp -->
        <test-method signature="tableVerify(java.lang.String,java.lang.String,java.lang.String,java.lang.String,java.lang.String)[pri:0, instance:Test.TableDataVerifyTest@658c5a19]" started-at="2024-01-16T00:06:18 IST" name="tableVerify" data-provider="employeeDetails" finished-at="2024-01-16T00:06:19 IST" duration-ms="1612" status="PASS">
          <params>
            <param index="0">
              <value>
                <![CDATA[Junior Technical Author]]>
              </value>
            </param>
            <param index="1">
              <value>
                <![CDATA[San Francisco]]>
              </value>
            </param>
            <param index="2">
              <value>
                <![CDATA[66]]>
              </value>
            </param>
            <param index="3">
              <value>
                <![CDATA[2009/01/12]]>
              </value>
            </param>
            <param index="4">
              <value>
                <![CDATA[$86,000]]>
              </value>
            </param>
          </params>
          <reporter-output>
          </reporter-output>
        </test-method> <!-- tableVerify -->
        <test-method is-config="true" signature="closeTest()[pri:0, instance:Test.TableDataVerifyTest@658c5a19]" started-at="2024-01-16T00:06:19 IST" name="closeTest" finished-at="2024-01-16T00:06:19 IST" duration-ms="312" status="PASS">
          <reporter-output>
          </reporter-output>
        </test-method> <!-- closeTest -->
      </class> <!-- Test.TableDataVerifyTest -->
    </test> <!-- Table Verify Test -->
  </suite> <!-- Framework1Suite -->
</testng-results>
