<?xml version="1.0" encoding="UTF-8"?>
<testng-results ignored="0" total="2" passed="2" failed="0" skipped="0">
  <reporter-output>
  </reporter-output>
  <suite started-at="2023-12-27T21:25:12 IST" name="Framework1Suite" finished-at="2023-12-27T21:25:36 IST" duration-ms="23795">
    <groups>
    </groups>
    <test started-at="2023-12-27T21:25:12 IST" name="AjaxFormTest" finished-at="2023-12-27T21:25:28 IST" duration-ms="16137">
      <class name="Test.AjaxFormTest">
        <test-method is-config="true" signature="setUp(java.lang.String)[pri:0, instance:Test.AjaxFormTest@2a265ea9]" started-at="2023-12-27T21:25:12 IST" name="setUp" finished-at="2023-12-27T21:25:18 IST" duration-ms="5922" status="PASS">
          <params>
            <param index="0">
              <value>
                <![CDATA[chrome]]>
              </value>
            </param>
          </params>
          <reporter-output>
          </reporter-output>
        </test-method> <!-- setUp -->
        <test-method signature="ajaxFormTest()[pri:0, instance:Test.AjaxFormTest@2a265ea9]" started-at="2023-12-27T21:25:18 IST" name="ajaxFormTest" finished-at="2023-12-27T21:25:27 IST" duration-ms="8250" status="PASS">
          <reporter-output>
          </reporter-output>
        </test-method> <!-- ajaxFormTest -->
        <test-method is-config="true" signature="closeTest()[pri:0, instance:Test.AjaxFormTest@2a265ea9]" started-at="2023-12-27T21:25:27 IST" name="closeTest" finished-at="2023-12-27T21:25:28 IST" duration-ms="1869" status="PASS">
          <reporter-output>
          </reporter-output>
        </test-method> <!-- closeTest -->
      </class> <!-- Test.AjaxFormTest -->
    </test> <!-- AjaxFormTest -->
    <test started-at="2023-12-27T21:25:29 IST" name="JavascriptTest" finished-at="2023-12-27T21:25:36 IST" duration-ms="7527">
      <class name="Test.JavascriptPromptVerifyTest">
        <test-method is-config="true" signature="setUp(java.lang.String)[pri:0, instance:Test.JavascriptPromptVerifyTest@79e4c792]" started-at="2023-12-27T21:25:29 IST" name="setUp" finished-at="2023-12-27T21:25:31 IST" duration-ms="2125" status="PASS">
          <params>
            <param index="0">
              <value>
                <![CDATA[chrome]]>
              </value>
            </param>
          </params>
          <reporter-output>
          </reporter-output>
        </test-method> <!-- setUp -->
        <test-method signature="jsPrompt()[pri:0, instance:Test.JavascriptPromptVerifyTest@79e4c792]" started-at="2023-12-27T21:25:31 IST" name="jsPrompt" finished-at="2023-12-27T21:25:35 IST" duration-ms="4482" status="PASS">
          <reporter-output>
          </reporter-output>
        </test-method> <!-- jsPrompt -->
        <test-method is-config="true" signature="closeTest()[pri:0, instance:Test.JavascriptPromptVerifyTest@79e4c792]" started-at="2023-12-27T21:25:35 IST" name="closeTest" finished-at="2023-12-27T21:25:36 IST" duration-ms="908" status="PASS">
          <reporter-output>
          </reporter-output>
        </test-method> <!-- closeTest -->
      </class> <!-- Test.JavascriptPromptVerifyTest -->
    </test> <!-- JavascriptTest -->
  </suite> <!-- Framework1Suite -->
</testng-results>
