<?xml version="1.0" encoding="UTF-8"?>
<testng-results ignored="0" total="10" passed="10" failed="0" skipped="0">
  <reporter-output>
  </reporter-output>
  <suite started-at="2024-01-06T15:31:04 IST" name="Framework1Suite" finished-at="2024-01-06T15:32:08 IST" duration-ms="64369">
    <groups>
    </groups>
    <test started-at="2024-01-06T15:31:04 IST" name="Input Test" finished-at="2024-01-06T15:31:18 IST" duration-ms="14320">
      <class name="Test.InputTest">
        <test-method is-config="true" signature="setUp(java.lang.String)[pri:0, instance:Test.InputTest@463fd068]" started-at="2024-01-06T15:31:04 IST" name="setUp" finished-at="2024-01-06T15:31:14 IST" duration-ms="10764" status="PASS">
          <params>
            <param index="0">
              <value>
                <![CDATA[chrome]]>
              </value>
            </param>
          </params>
          <reporter-output>
          </reporter-output>
        </test-method> <!-- setUp -->
        <test-method signature="inputTest()[pri:0, instance:Test.InputTest@463fd068]" started-at="2024-01-06T15:31:14 IST" name="inputTest" finished-at="2024-01-06T15:31:17 IST" duration-ms="2917" status="PASS">
          <reporter-output>
          </reporter-output>
        </test-method> <!-- inputTest -->
        <test-method is-config="true" signature="closeTest()[pri:0, instance:Test.InputTest@463fd068]" started-at="2024-01-06T15:31:17 IST" name="closeTest" finished-at="2024-01-06T15:31:18 IST" duration-ms="571" status="PASS">
          <reporter-output>
          </reporter-output>
        </test-method> <!-- closeTest -->
      </class> <!-- Test.InputTest -->
    </test> <!-- Input Test -->
    <test started-at="2024-01-06T15:31:04 IST" name="Simple form" finished-at="2024-01-06T15:31:18 IST" duration-ms="14370">
      <class name="Test.SimpleFormTest">
        <test-method is-config="true" signature="setUp(java.lang.String)[pri:0, instance:Test.SimpleFormTest@34b9f960]" started-at="2024-01-06T15:31:04 IST" name="setUp" finished-at="2024-01-06T15:31:15 IST" duration-ms="11304" status="PASS">
          <params>
            <param index="0">
              <value>
                <![CDATA[chrome]]>
              </value>
            </param>
          </params>
          <reporter-output>
          </reporter-output>
        </test-method> <!-- setUp -->
        <test-method signature="simpleFormTest()[pri:0, instance:Test.SimpleFormTest@34b9f960]" started-at="2024-01-06T15:31:15 IST" name="simpleFormTest" finished-at="2024-01-06T15:31:17 IST" duration-ms="2548" status="PASS">
          <reporter-output>
          </reporter-output>
        </test-method> <!-- simpleFormTest -->
        <test-method is-config="true" signature="closeTest()[pri:0, instance:Test.SimpleFormTest@34b9f960]" started-at="2024-01-06T15:31:17 IST" name="closeTest" finished-at="2024-01-06T15:31:18 IST" duration-ms="500" status="PASS">
          <reporter-output>
          </reporter-output>
        </test-method> <!-- closeTest -->
      </class> <!-- Test.SimpleFormTest -->
    </test> <!-- Simple form -->
    <test started-at="2024-01-06T15:31:19 IST" name="Javascript prompt Alert Test" finished-at="2024-01-06T15:31:29 IST" duration-ms="10284">
      <class name="Test.JavascriptPromptVerifyTest">
        <test-method is-config="true" signature="setUp(java.lang.String)[pri:0, instance:Test.JavascriptPromptVerifyTest@589da3f3]" started-at="2024-01-06T15:31:19 IST" name="setUp" finished-at="2024-01-06T15:31:26 IST" duration-ms="7664" status="PASS">
          <params>
            <param index="0">
              <value>
                <![CDATA[chrome]]>
              </value>
            </param>
          </params>
          <reporter-output>
          </reporter-output>
        </test-method> <!-- setUp -->
        <test-method signature="jsPrompt()[pri:0, instance:Test.JavascriptPromptVerifyTest@589da3f3]" started-at="2024-01-06T15:31:26 IST" name="jsPrompt" finished-at="2024-01-06T15:31:29 IST" duration-ms="2122" status="PASS">
          <reporter-output>
          </reporter-output>
        </test-method> <!-- jsPrompt -->
        <test-method is-config="true" signature="closeTest()[pri:0, instance:Test.JavascriptPromptVerifyTest@589da3f3]" started-at="2024-01-06T15:31:29 IST" name="closeTest" finished-at="2024-01-06T15:31:29 IST" duration-ms="493" status="PASS">
          <reporter-output>
          </reporter-output>
        </test-method> <!-- closeTest -->
      </class> <!-- Test.JavascriptPromptVerifyTest -->
    </test> <!-- Javascript prompt Alert Test -->
    <test started-at="2024-01-06T15:31:19 IST" name="Facebook test" finished-at="2024-01-06T15:31:33 IST" duration-ms="14506">
      <class name="Test.WindowPopUpTest">
        <test-method is-config="true" signature="setUp(java.lang.String)[pri:0, instance:Test.WindowPopUpTest@651aed93]" started-at="2024-01-06T15:31:19 IST" name="setUp" finished-at="2024-01-06T15:31:26 IST" duration-ms="7693" status="PASS">
          <params>
            <param index="0">
              <value>
                <![CDATA[chrome]]>
              </value>
            </param>
          </params>
          <reporter-output>
          </reporter-output>
        </test-method> <!-- setUp -->
        <test-method signature="windowPopUp()[pri:0, instance:Test.WindowPopUpTest@651aed93]" started-at="2024-01-06T15:31:26 IST" name="windowPopUp" finished-at="2024-01-06T15:31:33 IST" duration-ms="6098" status="PASS">
          <reporter-output>
          </reporter-output>
        </test-method> <!-- windowPopUp -->
        <test-method is-config="true" signature="closeTest()[pri:0, instance:Test.WindowPopUpTest@651aed93]" started-at="2024-01-06T15:31:33 IST" name="closeTest" finished-at="2024-01-06T15:31:33 IST" duration-ms="568" status="PASS">
          <reporter-output>
          </reporter-output>
        </test-method> <!-- closeTest -->
      </class> <!-- Test.WindowPopUpTest -->
    </test> <!-- Facebook test -->
    <test started-at="2024-01-06T15:31:29 IST" name="Form Test" finished-at="2024-01-06T15:31:40 IST" duration-ms="10328">
      <class name="Test.FormSubmitTest">
        <test-method is-config="true" signature="setUp(java.lang.String)[pri:0, instance:Test.FormSubmitTest@1cb346ea]" started-at="2024-01-06T15:31:29 IST" name="setUp" finished-at="2024-01-06T15:31:37 IST" duration-ms="7509" status="PASS">
          <params>
            <param index="0">
              <value>
                <![CDATA[chrome]]>
              </value>
            </param>
          </params>
          <reporter-output>
          </reporter-output>
        </test-method> <!-- setUp -->
        <test-method signature="formSubmitTest()[pri:0, instance:Test.FormSubmitTest@1cb346ea]" started-at="2024-01-06T15:31:37 IST" name="formSubmitTest" finished-at="2024-01-06T15:31:39 IST" duration-ms="2452" status="PASS">
          <reporter-output>
          </reporter-output>
        </test-method> <!-- formSubmitTest -->
        <test-method is-config="true" signature="closeTest()[pri:0, instance:Test.FormSubmitTest@1cb346ea]" started-at="2024-01-06T15:31:39 IST" name="closeTest" finished-at="2024-01-06T15:31:40 IST" duration-ms="364" status="PASS">
          <reporter-output>
          </reporter-output>
        </test-method> <!-- closeTest -->
      </class> <!-- Test.FormSubmitTest -->
    </test> <!-- Form Test -->
    <test started-at="2024-01-06T15:31:33 IST" name="Form Error Test" finished-at="2024-01-06T15:31:44 IST" duration-ms="10439">
      <class name="Test.SubmitFormErrorTest">
        <test-method is-config="true" signature="setUp(java.lang.String)[pri:0, instance:Test.SubmitFormErrorTest@e3c0e40]" started-at="2024-01-06T15:31:33 IST" name="setUp" finished-at="2024-01-06T15:31:41 IST" duration-ms="7716" status="PASS">
          <params>
            <param index="0">
              <value>
                <![CDATA[chrome]]>
              </value>
            </param>
          </params>
          <reporter-output>
          </reporter-output>
        </test-method> <!-- setUp -->
        <test-method signature="formSubmitTest()[pri:0, instance:Test.SubmitFormErrorTest@e3c0e40]" started-at="2024-01-06T15:31:41 IST" name="formSubmitTest" finished-at="2024-01-06T15:31:43 IST" duration-ms="2472" status="PASS">
          <reporter-output>
          </reporter-output>
        </test-method> <!-- formSubmitTest -->
        <test-method is-config="true" signature="closeTest()[pri:0, instance:Test.SubmitFormErrorTest@e3c0e40]" started-at="2024-01-06T15:31:43 IST" name="closeTest" finished-at="2024-01-06T15:31:44 IST" duration-ms="246" status="PASS">
          <reporter-output>
          </reporter-output>
        </test-method> <!-- closeTest -->
      </class> <!-- Test.SubmitFormErrorTest -->
    </test> <!-- Form Error Test -->
    <test started-at="2024-01-06T15:31:40 IST" name="Radio button Test" finished-at="2024-01-06T15:31:49 IST" duration-ms="8924">
      <class name="Test.RadioButtonTest">
        <test-method is-config="true" signature="setUp(java.lang.String)[pri:0, instance:Test.RadioButtonTest@479cbee5]" started-at="2024-01-06T15:31:40 IST" name="setUp" finished-at="2024-01-06T15:31:47 IST" duration-ms="7331" status="PASS">
          <params>
            <param index="0">
              <value>
                <![CDATA[chrome]]>
              </value>
            </param>
          </params>
          <reporter-output>
          </reporter-output>
        </test-method> <!-- setUp -->
        <test-method signature="radioBtnTest()[pri:0, instance:Test.RadioButtonTest@479cbee5]" started-at="2024-01-06T15:31:47 IST" name="radioBtnTest" finished-at="2024-01-06T15:31:48 IST" duration-ms="1339" status="PASS">
          <reporter-output>
          </reporter-output>
        </test-method> <!-- radioBtnTest -->
        <test-method is-config="true" signature="closeTest()[pri:0, instance:Test.RadioButtonTest@479cbee5]" started-at="2024-01-06T15:31:48 IST" name="closeTest" finished-at="2024-01-06T15:31:49 IST" duration-ms="251" status="PASS">
          <reporter-output>
          </reporter-output>
        </test-method> <!-- closeTest -->
      </class> <!-- Test.RadioButtonTest -->
    </test> <!-- Radio button Test -->
    <test started-at="2024-01-06T15:31:49 IST" name="Drag and Drop Test" finished-at="2024-01-06T15:31:58 IST" duration-ms="9797">
      <class name="Test.DragAndDropTest">
        <test-method is-config="true" signature="setUp(java.lang.String)[pri:0, instance:Test.DragAndDropTest@26df6e3a]" started-at="2024-01-06T15:31:49 IST" name="setUp" finished-at="2024-01-06T15:31:56 IST" duration-ms="7064" status="PASS">
          <params>
            <param index="0">
              <value>
                <![CDATA[chrome]]>
              </value>
            </param>
          </params>
          <reporter-output>
          </reporter-output>
        </test-method> <!-- setUp -->
        <test-method signature="dragAndDropTest()[pri:0, instance:Test.DragAndDropTest@26df6e3a]" started-at="2024-01-06T15:31:56 IST" name="dragAndDropTest" finished-at="2024-01-06T15:31:58 IST" duration-ms="2364" status="PASS">
          <reporter-output>
          </reporter-output>
        </test-method> <!-- dragAndDropTest -->
        <test-method is-config="true" signature="closeTest()[pri:0, instance:Test.DragAndDropTest@26df6e3a]" started-at="2024-01-06T15:31:58 IST" name="closeTest" finished-at="2024-01-06T15:31:58 IST" duration-ms="364" status="PASS">
          <reporter-output>
          </reporter-output>
        </test-method> <!-- closeTest -->
      </class> <!-- Test.DragAndDropTest -->
    </test> <!-- Drag and Drop Test -->
    <test started-at="2024-01-06T15:31:44 IST" name="JQuery Test" finished-at="2024-01-06T15:31:59 IST" duration-ms="14996">
      <class name="Test.JQueryTest">
        <test-method is-config="true" signature="setUp(java.lang.String)[pri:0, instance:Test.JQueryTest@1787bc24]" started-at="2024-01-06T15:31:44 IST" name="setUp" finished-at="2024-01-06T15:31:57 IST" duration-ms="12867" status="PASS">
          <params>
            <param index="0">
              <value>
                <![CDATA[chrome]]>
              </value>
            </param>
          </params>
          <reporter-output>
          </reporter-output>
        </test-method> <!-- setUp -->
        <test-method signature="jQueryTest()[pri:0, instance:Test.JQueryTest@1787bc24]" started-at="2024-01-06T15:31:57 IST" name="jQueryTest" finished-at="2024-01-06T15:31:58 IST" duration-ms="1411" status="PASS">
          <reporter-output>
          </reporter-output>
        </test-method> <!-- jQueryTest -->
        <test-method is-config="true" signature="closeTest()[pri:0, instance:Test.JQueryTest@1787bc24]" started-at="2024-01-06T15:31:58 IST" name="closeTest" finished-at="2024-01-06T15:31:59 IST" duration-ms="715" status="PASS">
          <reporter-output>
          </reporter-output>
        </test-method> <!-- closeTest -->
      </class> <!-- Test.JQueryTest -->
    </test> <!-- JQuery Test -->
    <test started-at="2024-01-06T15:31:59 IST" name="Table Verify Test" finished-at="2024-01-06T15:32:08 IST" duration-ms="9369">
      <class name="Test.TableDataVerifyTest">
        <test-method is-config="true" signature="setUp(java.lang.String)[pri:0, instance:Test.TableDataVerifyTest@658c5a19]" started-at="2024-01-06T15:31:59 IST" name="setUp" finished-at="2024-01-06T15:32:05 IST" duration-ms="6213" status="PASS">
          <params>
            <param index="0">
              <value>
                <![CDATA[chrome]]>
              </value>
            </param>
          </params>
          <reporter-output>
          </reporter-output>
        </test-method> <!-- setUp -->
        <test-method signature="tableVerify(java.lang.String,java.lang.String,java.lang.String,java.lang.String,java.lang.String)[pri:0, instance:Test.TableDataVerifyTest@658c5a19]" started-at="2024-01-06T15:32:06 IST" name="tableVerify" data-provider="employeeDetails" finished-at="2024-01-06T15:32:08 IST" duration-ms="1597" status="PASS">
          <params>
            <param index="0">
              <value>
                <![CDATA[Junior Technical Author]]>
              </value>
            </param>
            <param index="1">
              <value>
                <![CDATA[San Francisco]]>
              </value>
            </param>
            <param index="2">
              <value>
                <![CDATA[66]]>
              </value>
            </param>
            <param index="3">
              <value>
                <![CDATA[2009/01/12]]>
              </value>
            </param>
            <param index="4">
              <value>
                <![CDATA[$86,000]]>
              </value>
            </param>
          </params>
          <reporter-output>
          </reporter-output>
        </test-method> <!-- tableVerify -->
        <test-method is-config="true" signature="closeTest()[pri:0, instance:Test.TableDataVerifyTest@658c5a19]" started-at="2024-01-06T15:32:08 IST" name="closeTest" finished-at="2024-01-06T15:32:08 IST" duration-ms="365" status="PASS">
          <reporter-output>
          </reporter-output>
        </test-method> <!-- closeTest -->
      </class> <!-- Test.TableDataVerifyTest -->
    </test> <!-- Table Verify Test -->
  </suite> <!-- Framework1Suite -->
</testng-results>
