<?xml version="1.0" encoding="UTF-8"?>
<testng-results ignored="0" total="9" passed="9" failed="0" skipped="0">
  <reporter-output>
  </reporter-output>
  <suite started-at="2024-01-03T00:52:20 IST" name="Framework1Suite" finished-at="2024-01-03T00:53:06 IST" duration-ms="46690">
    <groups>
    </groups>
    <test started-at="2024-01-03T00:52:20 IST" name="Input Test" finished-at="2024-01-03T00:52:32 IST" duration-ms="12263">
      <class name="Test.InputTest">
        <test-method is-config="true" signature="setUp(java.lang.String)[pri:0, instance:Test.InputTest@463fd068]" started-at="2024-01-03T00:52:20 IST" name="setUp" finished-at="2024-01-03T00:52:28 IST" duration-ms="8665" status="PASS">
          <params>
            <param index="0">
              <value>
                <![CDATA[chrome]]>
              </value>
            </param>
          </params>
          <reporter-output>
          </reporter-output>
        </test-method> <!-- setUp -->
        <test-method signature="inputTest()[pri:0, instance:Test.InputTest@463fd068]" started-at="2024-01-03T00:52:28 IST" name="inputTest" finished-at="2024-01-03T00:52:32 IST" duration-ms="3195" status="PASS">
          <reporter-output>
          </reporter-output>
        </test-method> <!-- inputTest -->
        <test-method is-config="true" signature="closeTest()[pri:0, instance:Test.InputTest@463fd068]" started-at="2024-01-03T00:52:32 IST" name="closeTest" finished-at="2024-01-03T00:52:32 IST" duration-ms="330" status="PASS">
          <reporter-output>
          </reporter-output>
        </test-method> <!-- closeTest -->
      </class> <!-- Test.InputTest -->
    </test> <!-- Input Test -->
    <test started-at="2024-01-03T00:52:20 IST" name="Simple form" finished-at="2024-01-03T00:52:32 IST" duration-ms="12249">
      <class name="Test.SimpleFormTest">
        <test-method is-config="true" signature="setUp(java.lang.String)[pri:0, instance:Test.SimpleFormTest@34b9f960]" started-at="2024-01-03T00:52:20 IST" name="setUp" finished-at="2024-01-03T00:52:29 IST" duration-ms="8955" status="PASS">
          <params>
            <param index="0">
              <value>
                <![CDATA[chrome]]>
              </value>
            </param>
          </params>
          <reporter-output>
          </reporter-output>
        </test-method> <!-- setUp -->
        <test-method signature="simpleFormTest()[pri:0, instance:Test.SimpleFormTest@34b9f960]" started-at="2024-01-03T00:52:29 IST" name="simpleFormTest" finished-at="2024-01-03T00:52:31 IST" duration-ms="2711" status="PASS">
          <reporter-output>
          </reporter-output>
        </test-method> <!-- simpleFormTest -->
        <test-method is-config="true" signature="closeTest()[pri:0, instance:Test.SimpleFormTest@34b9f960]" started-at="2024-01-03T00:52:31 IST" name="closeTest" finished-at="2024-01-03T00:52:32 IST" duration-ms="520" status="PASS">
          <reporter-output>
          </reporter-output>
        </test-method> <!-- closeTest -->
      </class> <!-- Test.SimpleFormTest -->
    </test> <!-- Simple form -->
    <test started-at="2024-01-03T00:52:33 IST" name="Javascript prompt Alert Test" finished-at="2024-01-03T00:52:41 IST" duration-ms="8119">
      <class name="Test.JavascriptPromptVerifyTest">
        <test-method is-config="true" signature="setUp(java.lang.String)[pri:0, instance:Test.JavascriptPromptVerifyTest@589da3f3]" started-at="2024-01-03T00:52:33 IST" name="setUp" finished-at="2024-01-03T00:52:38 IST" duration-ms="5505" status="PASS">
          <params>
            <param index="0">
              <value>
                <![CDATA[chrome]]>
              </value>
            </param>
          </params>
          <reporter-output>
          </reporter-output>
        </test-method> <!-- setUp -->
        <test-method signature="jsPrompt()[pri:0, instance:Test.JavascriptPromptVerifyTest@589da3f3]" started-at="2024-01-03T00:52:38 IST" name="jsPrompt" finished-at="2024-01-03T00:52:40 IST" duration-ms="1982" status="PASS">
          <reporter-output>
          </reporter-output>
        </test-method> <!-- jsPrompt -->
        <test-method is-config="true" signature="closeTest()[pri:0, instance:Test.JavascriptPromptVerifyTest@589da3f3]" started-at="2024-01-03T00:52:40 IST" name="closeTest" finished-at="2024-01-03T00:52:41 IST" duration-ms="625" status="PASS">
          <reporter-output>
          </reporter-output>
        </test-method> <!-- closeTest -->
      </class> <!-- Test.JavascriptPromptVerifyTest -->
    </test> <!-- Javascript prompt Alert Test -->
    <test started-at="2024-01-03T00:52:33 IST" name="Facebook test" finished-at="2024-01-03T00:52:44 IST" duration-ms="11440">
      <class name="Test.WindowPopUpTest">
        <test-method is-config="true" signature="setUp(java.lang.String)[pri:0, instance:Test.WindowPopUpTest@651aed93]" started-at="2024-01-03T00:52:33 IST" name="setUp" finished-at="2024-01-03T00:52:39 IST" duration-ms="5741" status="PASS">
          <params>
            <param index="0">
              <value>
                <![CDATA[chrome]]>
              </value>
            </param>
          </params>
          <reporter-output>
          </reporter-output>
        </test-method> <!-- setUp -->
        <test-method signature="windowPopUp()[pri:0, instance:Test.WindowPopUpTest@651aed93]" started-at="2024-01-03T00:52:39 IST" name="windowPopUp" finished-at="2024-01-03T00:52:44 IST" duration-ms="5253" status="PASS">
          <reporter-output>
          </reporter-output>
        </test-method> <!-- windowPopUp -->
        <test-method is-config="true" signature="closeTest()[pri:0, instance:Test.WindowPopUpTest@651aed93]" started-at="2024-01-03T00:52:44 IST" name="closeTest" finished-at="2024-01-03T00:52:44 IST" duration-ms="312" status="PASS">
          <reporter-output>
          </reporter-output>
        </test-method> <!-- closeTest -->
      </class> <!-- Test.WindowPopUpTest -->
    </test> <!-- Facebook test -->
    <test started-at="2024-01-03T00:52:41 IST" name="Form Test" finished-at="2024-01-03T00:52:50 IST" duration-ms="9148">
      <class name="Test.SubmitFormTest">
        <test-method is-config="true" signature="setUp(java.lang.String)[pri:0, instance:Test.SubmitFormTest@1cb346ea]" started-at="2024-01-03T00:52:41 IST" name="setUp" finished-at="2024-01-03T00:52:48 IST" duration-ms="6260" status="PASS">
          <params>
            <param index="0">
              <value>
                <![CDATA[chrome]]>
              </value>
            </param>
          </params>
          <reporter-output>
          </reporter-output>
        </test-method> <!-- setUp -->
        <test-method signature="formSubmitTest()[pri:0, instance:Test.SubmitFormTest@1cb346ea]" started-at="2024-01-03T00:52:48 IST" name="formSubmitTest" finished-at="2024-01-03T00:52:50 IST" duration-ms="2302" status="PASS">
          <reporter-output>
          </reporter-output>
        </test-method> <!-- formSubmitTest -->
        <test-method is-config="true" signature="closeTest()[pri:0, instance:Test.SubmitFormTest@1cb346ea]" started-at="2024-01-03T00:52:50 IST" name="closeTest" finished-at="2024-01-03T00:52:50 IST" duration-ms="577" status="PASS">
          <reporter-output>
          </reporter-output>
        </test-method> <!-- closeTest -->
      </class> <!-- Test.SubmitFormTest -->
    </test> <!-- Form Test -->
    <test started-at="2024-01-03T00:52:44 IST" name="Form Error Test" finished-at="2024-01-03T00:52:53 IST" duration-ms="8405">
      <class name="Test.FormSubmitTest">
        <test-method is-config="true" signature="setUp(java.lang.String)[pri:0, instance:Test.FormSubmitTest@e3c0e40]" started-at="2024-01-03T00:52:44 IST" name="setUp" finished-at="2024-01-03T00:52:48 IST" duration-ms="3965" status="PASS">
          <params>
            <param index="0">
              <value>
                <![CDATA[chrome]]>
              </value>
            </param>
          </params>
          <reporter-output>
          </reporter-output>
        </test-method> <!-- setUp -->
        <test-method signature="formSubmitTest()[pri:0, instance:Test.FormSubmitTest@e3c0e40]" started-at="2024-01-03T00:52:48 IST" name="formSubmitTest" finished-at="2024-01-03T00:52:51 IST" duration-ms="2970" status="PASS">
          <reporter-output>
          </reporter-output>
        </test-method> <!-- formSubmitTest -->
        <test-method is-config="true" signature="closeTest()[pri:0, instance:Test.FormSubmitTest@e3c0e40]" started-at="2024-01-03T00:52:51 IST" name="closeTest" finished-at="2024-01-03T00:52:53 IST" duration-ms="1463" status="PASS">
          <reporter-output>
          </reporter-output>
        </test-method> <!-- closeTest -->
      </class> <!-- Test.FormSubmitTest -->
    </test> <!-- Form Error Test -->
    <test started-at="2024-01-03T00:52:51 IST" name="Radio button Test" finished-at="2024-01-03T00:52:58 IST" duration-ms="7539">
      <class name="Test.RadioButtonTest">
        <test-method is-config="true" signature="setUp(java.lang.String)[pri:0, instance:Test.RadioButtonTest@479cbee5]" started-at="2024-01-03T00:52:51 IST" name="setUp" finished-at="2024-01-03T00:52:56 IST" duration-ms="5448" status="PASS">
          <params>
            <param index="0">
              <value>
                <![CDATA[chrome]]>
              </value>
            </param>
          </params>
          <reporter-output>
          </reporter-output>
        </test-method> <!-- setUp -->
        <test-method signature="radioBtnTest()[pri:0, instance:Test.RadioButtonTest@479cbee5]" started-at="2024-01-03T00:52:56 IST" name="radioBtnTest" finished-at="2024-01-03T00:52:58 IST" duration-ms="1637" status="PASS">
          <reporter-output>
          </reporter-output>
        </test-method> <!-- radioBtnTest -->
        <test-method is-config="true" signature="closeTest()[pri:0, instance:Test.RadioButtonTest@479cbee5]" started-at="2024-01-03T00:52:58 IST" name="closeTest" finished-at="2024-01-03T00:52:58 IST" duration-ms="434" status="PASS">
          <reporter-output>
          </reporter-output>
        </test-method> <!-- closeTest -->
      </class> <!-- Test.RadioButtonTest -->
    </test> <!-- Radio button Test -->
    <test started-at="2024-01-03T00:52:53 IST" name="Drag and Drop Test" finished-at="2024-01-03T00:53:00 IST" duration-ms="7123">
      <class name="Test.DragAndDropTest">
        <test-method is-config="true" signature="setUp(java.lang.String)[pri:0, instance:Test.DragAndDropTest@1787bc24]" started-at="2024-01-03T00:52:53 IST" name="setUp" finished-at="2024-01-03T00:52:57 IST" duration-ms="4434" status="PASS">
          <params>
            <param index="0">
              <value>
                <![CDATA[chrome]]>
              </value>
            </param>
          </params>
          <reporter-output>
          </reporter-output>
        </test-method> <!-- setUp -->
        <test-method signature="dragAndDropTest()[pri:0, instance:Test.DragAndDropTest@1787bc24]" started-at="2024-01-03T00:52:57 IST" name="dragAndDropTest" finished-at="2024-01-03T00:52:59 IST" duration-ms="1989" status="PASS">
          <reporter-output>
          </reporter-output>
        </test-method> <!-- dragAndDropTest -->
        <test-method is-config="true" signature="closeTest()[pri:0, instance:Test.DragAndDropTest@1787bc24]" started-at="2024-01-03T00:52:59 IST" name="closeTest" finished-at="2024-01-03T00:53:00 IST" duration-ms="674" status="PASS">
          <reporter-output>
          </reporter-output>
        </test-method> <!-- closeTest -->
      </class> <!-- Test.DragAndDropTest -->
    </test> <!-- Drag and Drop Test -->
    <test started-at="2024-01-03T00:52:58 IST" name="Table Verify Test" finished-at="2024-01-03T00:53:06 IST" duration-ms="8222">
      <class name="Test.TableDataVerifyTest">
        <test-method is-config="true" signature="setUp(java.lang.String)[pri:0, instance:Test.TableDataVerifyTest@6986852]" started-at="2024-01-03T00:52:58 IST" name="setUp" finished-at="2024-01-03T00:53:03 IST" duration-ms="4674" status="PASS">
          <params>
            <param index="0">
              <value>
                <![CDATA[chrome]]>
              </value>
            </param>
          </params>
          <reporter-output>
          </reporter-output>
        </test-method> <!-- setUp -->
        <test-method signature="tableVerify(java.lang.String,java.lang.String,java.lang.String,java.lang.String,java.lang.String)[pri:0, instance:Test.TableDataVerifyTest@6986852]" started-at="2024-01-03T00:53:04 IST" name="tableVerify" data-provider="employeeDetails" finished-at="2024-01-03T00:53:06 IST" duration-ms="1950" status="PASS">
          <params>
            <param index="0">
              <value>
                <![CDATA[Junior Technical Author]]>
              </value>
            </param>
            <param index="1">
              <value>
                <![CDATA[San Francisco]]>
              </value>
            </param>
            <param index="2">
              <value>
                <![CDATA[66]]>
              </value>
            </param>
            <param index="3">
              <value>
                <![CDATA[2009/01/12]]>
              </value>
            </param>
            <param index="4">
              <value>
                <![CDATA[$86,000]]>
              </value>
            </param>
          </params>
          <reporter-output>
          </reporter-output>
        </test-method> <!-- tableVerify -->
        <test-method is-config="true" signature="closeTest()[pri:0, instance:Test.TableDataVerifyTest@6986852]" started-at="2024-01-03T00:53:06 IST" name="closeTest" finished-at="2024-01-03T00:53:06 IST" duration-ms="461" status="PASS">
          <reporter-output>
          </reporter-output>
        </test-method> <!-- closeTest -->
      </class> <!-- Test.TableDataVerifyTest -->
    </test> <!-- Table Verify Test -->
  </suite> <!-- Framework1Suite -->
</testng-results>
