<?xml version="1.0" encoding="UTF-8"?>
<testng-results ignored="0" total="4" passed="4" failed="0" skipped="0">
  <reporter-output>
  </reporter-output>
  <suite started-at="2023-12-26T01:10:18 IST" name="Framework1Suite" finished-at="2023-12-26T01:10:40 IST" duration-ms="22053">
    <groups>
    </groups>
    <test started-at="2023-12-26T01:10:18 IST" name="Test" finished-at="2023-12-26T01:10:40 IST" duration-ms="22053">
      <class name="Test.CheckBoxTest">
        <test-method is-config="true" signature="setUp(java.lang.String)[pri:0, instance:Test.CheckBoxTest@470734c3]" started-at="2023-12-26T01:10:21 IST" name="setUp" finished-at="2023-12-26T01:10:23 IST" duration-ms="1876" status="PASS">
          <params>
            <param index="0">
              <value>
                <![CDATA[chrome]]>
              </value>
            </param>
          </params>
          <reporter-output>
          </reporter-output>
        </test-method> <!-- setUp -->
        <test-method signature="checkBoxTest()[pri:0, instance:Test.CheckBoxTest@470734c3]" started-at="2023-12-26T01:10:31 IST" name="checkBoxTest" finished-at="2023-12-26T01:10:35 IST" duration-ms="4107" status="PASS">
          <reporter-output>
          </reporter-output>
        </test-method> <!-- checkBoxTest -->
        <test-method is-config="true" signature="closeTest()[pri:0, instance:Test.CheckBoxTest@470734c3]" started-at="2023-12-26T01:10:39 IST" name="closeTest" finished-at="2023-12-26T01:10:39 IST" duration-ms="214" status="PASS">
          <reporter-output>
          </reporter-output>
        </test-method> <!-- closeTest -->
      </class> <!-- Test.CheckBoxTest -->
      <class name="Test.SimpleFormTest">
        <test-method is-config="true" signature="setUp(java.lang.String)[pri:0, instance:Test.SimpleFormTest@2eae8e6e]" started-at="2023-12-26T01:10:25 IST" name="setUp" finished-at="2023-12-26T01:10:27 IST" duration-ms="1829" status="PASS">
          <params>
            <param index="0">
              <value>
                <![CDATA[chrome]]>
              </value>
            </param>
          </params>
          <reporter-output>
          </reporter-output>
        </test-method> <!-- setUp -->
        <test-method signature="simpleFormTest()[pri:0, instance:Test.SimpleFormTest@2eae8e6e]" started-at="2023-12-26T01:10:27 IST" name="simpleFormTest" finished-at="2023-12-26T01:10:31 IST" duration-ms="4661" status="PASS">
          <reporter-output>
          </reporter-output>
        </test-method> <!-- simpleFormTest -->
        <test-method is-config="true" signature="closeTest()[pri:0, instance:Test.SimpleFormTest@2eae8e6e]" started-at="2023-12-26T01:10:39 IST" name="closeTest" finished-at="2023-12-26T01:10:40 IST" duration-ms="420" status="PASS">
          <reporter-output>
          </reporter-output>
        </test-method> <!-- closeTest -->
      </class> <!-- Test.SimpleFormTest -->
      <class name="Test.InputTest">
        <test-method is-config="true" signature="setUp(java.lang.String)[pri:0, instance:Test.InputTest@53fe15ff]" started-at="2023-12-26T01:10:23 IST" name="setUp" finished-at="2023-12-26T01:10:25 IST" duration-ms="1775" status="PASS">
          <params>
            <param index="0">
              <value>
                <![CDATA[chrome]]>
              </value>
            </param>
          </params>
          <reporter-output>
          </reporter-output>
        </test-method> <!-- setUp -->
        <test-method signature="inputTest()[pri:0, instance:Test.InputTest@53fe15ff]" started-at="2023-12-26T01:10:27 IST" name="inputTest" finished-at="2023-12-26T01:10:31 IST" duration-ms="4313" status="PASS">
          <reporter-output>
          </reporter-output>
        </test-method> <!-- inputTest -->
        <test-method is-config="true" signature="closeTest()[pri:0, instance:Test.InputTest@53fe15ff]" started-at="2023-12-26T01:10:39 IST" name="closeTest" finished-at="2023-12-26T01:10:39 IST" duration-ms="157" status="PASS">
          <reporter-output>
          </reporter-output>
        </test-method> <!-- closeTest -->
      </class> <!-- Test.InputTest -->
      <class name="Test.AjaxFormTest">
        <test-method is-config="true" signature="setUp(java.lang.String)[pri:0, instance:Test.AjaxFormTest@8f2ef19]" started-at="2023-12-26T01:10:18 IST" name="setUp" finished-at="2023-12-26T01:10:21 IST" duration-ms="3447" status="PASS">
          <params>
            <param index="0">
              <value>
                <![CDATA[chrome]]>
              </value>
            </param>
          </params>
          <reporter-output>
          </reporter-output>
        </test-method> <!-- setUp -->
        <test-method signature="ajaxFormTest()[pri:0, instance:Test.AjaxFormTest@8f2ef19]" started-at="2023-12-26T01:10:31 IST" name="ajaxFormTest" finished-at="2023-12-26T01:10:38 IST" duration-ms="7559" status="PASS">
          <reporter-output>
          </reporter-output>
        </test-method> <!-- ajaxFormTest -->
        <test-method is-config="true" signature="closeTest()[pri:0, instance:Test.AjaxFormTest@8f2ef19]" started-at="2023-12-26T01:10:38 IST" name="closeTest" finished-at="2023-12-26T01:10:39 IST" duration-ms="411" status="PASS">
          <reporter-output>
          </reporter-output>
        </test-method> <!-- closeTest -->
      </class> <!-- Test.AjaxFormTest -->
    </test> <!-- Test -->
  </suite> <!-- Framework1Suite -->
</testng-results>
