<?xml version="1.0" encoding="UTF-8"?>
<testng-results ignored="0" total="9" passed="9" failed="0" skipped="0">
  <reporter-output>
  </reporter-output>
  <suite started-at="2024-01-02T22:53:19 IST" name="Framework1Suite" finished-at="2024-01-02T22:54:09 IST" duration-ms="49496">
    <groups>
    </groups>
    <test started-at="2024-01-02T22:53:19 IST" name="Input Test" finished-at="2024-01-02T22:53:33 IST" duration-ms="14410">
      <class name="Test.InputTest">
        <test-method is-config="true" signature="setUp(java.lang.String)[pri:0, instance:Test.InputTest@463fd068]" started-at="2024-01-02T22:53:19 IST" name="setUp" finished-at="2024-01-02T22:53:28 IST" duration-ms="9151" status="PASS">
          <params>
            <param index="0">
              <value>
                <![CDATA[chrome]]>
              </value>
            </param>
          </params>
          <reporter-output>
          </reporter-output>
        </test-method> <!-- setUp -->
        <test-method signature="inputTest()[pri:0, instance:Test.InputTest@463fd068]" started-at="2024-01-02T22:53:28 IST" name="inputTest" finished-at="2024-01-02T22:53:31 IST" duration-ms="3048" status="PASS">
          <reporter-output>
          </reporter-output>
        </test-method> <!-- inputTest -->
        <test-method is-config="true" signature="closeTest()[pri:0, instance:Test.InputTest@463fd068]" started-at="2024-01-02T22:53:31 IST" name="closeTest" finished-at="2024-01-02T22:53:33 IST" duration-ms="2192" status="PASS">
          <reporter-output>
          </reporter-output>
        </test-method> <!-- closeTest -->
      </class> <!-- Test.InputTest -->
    </test> <!-- Input Test -->
    <test started-at="2024-01-02T22:53:19 IST" name="Simple form" finished-at="2024-01-02T22:53:34 IST" duration-ms="14532">
      <class name="Test.SimpleFormTest">
        <test-method is-config="true" signature="setUp(java.lang.String)[pri:0, instance:Test.SimpleFormTest@34b9f960]" started-at="2024-01-02T22:53:19 IST" name="setUp" finished-at="2024-01-02T22:53:26 IST" duration-ms="6537" status="PASS">
          <params>
            <param index="0">
              <value>
                <![CDATA[chrome]]>
              </value>
            </param>
          </params>
          <reporter-output>
          </reporter-output>
        </test-method> <!-- setUp -->
        <test-method signature="simpleFormTest()[pri:0, instance:Test.SimpleFormTest@34b9f960]" started-at="2024-01-02T22:53:26 IST" name="simpleFormTest" finished-at="2024-01-02T22:53:31 IST" duration-ms="5269" status="PASS">
          <reporter-output>
          </reporter-output>
        </test-method> <!-- simpleFormTest -->
        <test-method is-config="true" signature="closeTest()[pri:0, instance:Test.SimpleFormTest@34b9f960]" started-at="2024-01-02T22:53:31 IST" name="closeTest" finished-at="2024-01-02T22:53:34 IST" duration-ms="2479" status="PASS">
          <reporter-output>
          </reporter-output>
        </test-method> <!-- closeTest -->
      </class> <!-- Test.SimpleFormTest -->
    </test> <!-- Simple form -->
    <test started-at="2024-01-02T22:53:34 IST" name="Javascript prompt Alert Test" finished-at="2024-01-02T22:53:44 IST" duration-ms="9477">
      <class name="Test.JavascriptPromptVerifyTest">
        <test-method is-config="true" signature="setUp(java.lang.String)[pri:0, instance:Test.JavascriptPromptVerifyTest@589da3f3]" started-at="2024-01-02T22:53:34 IST" name="setUp" finished-at="2024-01-02T22:53:38 IST" duration-ms="3909" status="PASS">
          <params>
            <param index="0">
              <value>
                <![CDATA[chrome]]>
              </value>
            </param>
          </params>
          <reporter-output>
          </reporter-output>
        </test-method> <!-- setUp -->
        <test-method signature="jsPrompt()[pri:0, instance:Test.JavascriptPromptVerifyTest@589da3f3]" started-at="2024-01-02T22:53:38 IST" name="jsPrompt" finished-at="2024-01-02T22:53:43 IST" duration-ms="4823" status="PASS">
          <reporter-output>
          </reporter-output>
        </test-method> <!-- jsPrompt -->
        <test-method is-config="true" signature="closeTest()[pri:0, instance:Test.JavascriptPromptVerifyTest@589da3f3]" started-at="2024-01-02T22:53:43 IST" name="closeTest" finished-at="2024-01-02T22:53:44 IST" duration-ms="723" status="PASS">
          <reporter-output>
          </reporter-output>
        </test-method> <!-- closeTest -->
      </class> <!-- Test.JavascriptPromptVerifyTest -->
    </test> <!-- Javascript prompt Alert Test -->
    <test started-at="2024-01-02T22:53:34 IST" name="Facebook test" finished-at="2024-01-02T22:53:47 IST" duration-ms="12330">
      <class name="Test.WindowPopUpTest">
        <test-method is-config="true" signature="setUp(java.lang.String)[pri:0, instance:Test.WindowPopUpTest@651aed93]" started-at="2024-01-02T22:53:34 IST" name="setUp" finished-at="2024-01-02T22:53:40 IST" duration-ms="5969" status="PASS">
          <params>
            <param index="0">
              <value>
                <![CDATA[chrome]]>
              </value>
            </param>
          </params>
          <reporter-output>
          </reporter-output>
        </test-method> <!-- setUp -->
        <test-method signature="windowPopUp()[pri:0, instance:Test.WindowPopUpTest@651aed93]" started-at="2024-01-02T22:53:40 IST" name="windowPopUp" finished-at="2024-01-02T22:53:46 IST" duration-ms="5926" status="PASS">
          <reporter-output>
          </reporter-output>
        </test-method> <!-- windowPopUp -->
        <test-method is-config="true" signature="closeTest()[pri:0, instance:Test.WindowPopUpTest@651aed93]" started-at="2024-01-02T22:53:46 IST" name="closeTest" finished-at="2024-01-02T22:53:47 IST" duration-ms="304" status="PASS">
          <reporter-output>
          </reporter-output>
        </test-method> <!-- closeTest -->
      </class> <!-- Test.WindowPopUpTest -->
    </test> <!-- Facebook test -->
    <test started-at="2024-01-02T22:53:44 IST" name="Form Test" finished-at="2024-01-02T22:53:53 IST" duration-ms="8514">
      <class name="Test.SubmitFormTest">
        <test-method is-config="true" signature="setUp(java.lang.String)[pri:0, instance:Test.SubmitFormTest@1cb346ea]" started-at="2024-01-02T22:53:44 IST" name="setUp" finished-at="2024-01-02T22:53:50 IST" duration-ms="5421" status="PASS">
          <params>
            <param index="0">
              <value>
                <![CDATA[chrome]]>
              </value>
            </param>
          </params>
          <reporter-output>
          </reporter-output>
        </test-method> <!-- setUp -->
        <test-method signature="formSubmitTest()[pri:0, instance:Test.SubmitFormTest@1cb346ea]" started-at="2024-01-02T22:53:50 IST" name="formSubmitTest" finished-at="2024-01-02T22:53:52 IST" duration-ms="2278" status="PASS">
          <reporter-output>
          </reporter-output>
        </test-method> <!-- formSubmitTest -->
        <test-method is-config="true" signature="closeTest()[pri:0, instance:Test.SubmitFormTest@1cb346ea]" started-at="2024-01-02T22:53:52 IST" name="closeTest" finished-at="2024-01-02T22:53:53 IST" duration-ms="809" status="PASS">
          <reporter-output>
          </reporter-output>
        </test-method> <!-- closeTest -->
      </class> <!-- Test.SubmitFormTest -->
    </test> <!-- Form Test -->
    <test started-at="2024-01-02T22:53:47 IST" name="Form Error Test" finished-at="2024-01-02T22:53:56 IST" duration-ms="8974">
      <class name="Test.FormSubmitTest">
        <test-method is-config="true" signature="setUp(java.lang.String)[pri:0, instance:Test.FormSubmitTest@e3c0e40]" started-at="2024-01-02T22:53:47 IST" name="setUp" finished-at="2024-01-02T22:53:49 IST" duration-ms="2506" status="PASS">
          <params>
            <param index="0">
              <value>
                <![CDATA[chrome]]>
              </value>
            </param>
          </params>
          <reporter-output>
          </reporter-output>
        </test-method> <!-- setUp -->
        <test-method signature="formSubmitTest()[pri:0, instance:Test.FormSubmitTest@e3c0e40]" started-at="2024-01-02T22:53:49 IST" name="formSubmitTest" finished-at="2024-01-02T22:53:55 IST" duration-ms="6209" status="PASS">
          <reporter-output>
          </reporter-output>
        </test-method> <!-- formSubmitTest -->
        <test-method is-config="true" signature="closeTest()[pri:0, instance:Test.FormSubmitTest@e3c0e40]" started-at="2024-01-02T22:53:55 IST" name="closeTest" finished-at="2024-01-02T22:53:56 IST" duration-ms="242" status="PASS">
          <reporter-output>
          </reporter-output>
        </test-method> <!-- closeTest -->
      </class> <!-- Test.FormSubmitTest -->
    </test> <!-- Form Error Test -->
    <test started-at="2024-01-02T22:53:53 IST" name="Radio button Test" finished-at="2024-01-02T22:53:59 IST" duration-ms="6511">
      <class name="Test.RadioButtonTest">
        <test-method is-config="true" signature="setUp(java.lang.String)[pri:0, instance:Test.RadioButtonTest@479cbee5]" started-at="2024-01-02T22:53:53 IST" name="setUp" finished-at="2024-01-02T22:53:57 IST" duration-ms="4479" status="PASS">
          <params>
            <param index="0">
              <value>
                <![CDATA[chrome]]>
              </value>
            </param>
          </params>
          <reporter-output>
          </reporter-output>
        </test-method> <!-- setUp -->
        <test-method signature="radioBtnTest()[pri:0, instance:Test.RadioButtonTest@479cbee5]" started-at="2024-01-02T22:53:57 IST" name="radioBtnTest" finished-at="2024-01-02T22:53:59 IST" duration-ms="1661" status="PASS">
          <reporter-output>
          </reporter-output>
        </test-method> <!-- radioBtnTest -->
        <test-method is-config="true" signature="closeTest()[pri:0, instance:Test.RadioButtonTest@479cbee5]" started-at="2024-01-02T22:53:59 IST" name="closeTest" finished-at="2024-01-02T22:53:59 IST" duration-ms="332" status="PASS">
          <reporter-output>
          </reporter-output>
        </test-method> <!-- closeTest -->
      </class> <!-- Test.RadioButtonTest -->
    </test> <!-- Radio button Test -->
    <test started-at="2024-01-02T22:53:56 IST" name="Drag and Drop Test" finished-at="2024-01-02T22:54:02 IST" duration-ms="6570">
      <class name="Test.DragAndDropTest">
        <test-method is-config="true" signature="setUp(java.lang.String)[pri:0, instance:Test.DragAndDropTest@1787bc24]" started-at="2024-01-02T22:53:56 IST" name="setUp" finished-at="2024-01-02T22:53:59 IST" duration-ms="2823" status="PASS">
          <params>
            <param index="0">
              <value>
                <![CDATA[chrome]]>
              </value>
            </param>
          </params>
          <reporter-output>
          </reporter-output>
        </test-method> <!-- setUp -->
        <test-method signature="dragAndDropTest()[pri:0, instance:Test.DragAndDropTest@1787bc24]" started-at="2024-01-02T22:53:59 IST" name="dragAndDropTest" finished-at="2024-01-02T22:54:02 IST" duration-ms="3342" status="PASS">
          <reporter-output>
          </reporter-output>
        </test-method> <!-- dragAndDropTest -->
        <test-method is-config="true" signature="closeTest()[pri:0, instance:Test.DragAndDropTest@1787bc24]" started-at="2024-01-02T22:54:02 IST" name="closeTest" finished-at="2024-01-02T22:54:02 IST" duration-ms="364" status="PASS">
          <reporter-output>
          </reporter-output>
        </test-method> <!-- closeTest -->
      </class> <!-- Test.DragAndDropTest -->
    </test> <!-- Drag and Drop Test -->
    <test started-at="2024-01-02T22:53:59 IST" name="Table Verify Test" finished-at="2024-01-02T22:54:09 IST" duration-ms="9282">
      <class name="Test.TableDataVerifyTest">
        <test-method is-config="true" signature="setUp(java.lang.String)[pri:0, instance:Test.TableDataVerifyTest@6986852]" started-at="2024-01-02T22:53:59 IST" name="setUp" finished-at="2024-01-02T22:54:05 IST" duration-ms="5290" status="PASS">
          <params>
            <param index="0">
              <value>
                <![CDATA[chrome]]>
              </value>
            </param>
          </params>
          <reporter-output>
          </reporter-output>
        </test-method> <!-- setUp -->
        <test-method signature="tableVerify(java.lang.String,java.lang.String,java.lang.String,java.lang.String,java.lang.String)[pri:0, instance:Test.TableDataVerifyTest@6986852]" started-at="2024-01-02T22:54:07 IST" name="tableVerify" data-provider="employeeDetails" finished-at="2024-01-02T22:54:08 IST" duration-ms="1253" status="PASS">
          <params>
            <param index="0">
              <value>
                <![CDATA[Junior Technical Author]]>
              </value>
            </param>
            <param index="1">
              <value>
                <![CDATA[San Francisco]]>
              </value>
            </param>
            <param index="2">
              <value>
                <![CDATA[66]]>
              </value>
            </param>
            <param index="3">
              <value>
                <![CDATA[2009/01/12]]>
              </value>
            </param>
            <param index="4">
              <value>
                <![CDATA[$86,000]]>
              </value>
            </param>
          </params>
          <reporter-output>
          </reporter-output>
        </test-method> <!-- tableVerify -->
        <test-method is-config="true" signature="closeTest()[pri:0, instance:Test.TableDataVerifyTest@6986852]" started-at="2024-01-02T22:54:08 IST" name="closeTest" finished-at="2024-01-02T22:54:09 IST" duration-ms="569" status="PASS">
          <reporter-output>
          </reporter-output>
        </test-method> <!-- closeTest -->
      </class> <!-- Test.TableDataVerifyTest -->
    </test> <!-- Table Verify Test -->
  </suite> <!-- Framework1Suite -->
</testng-results>
