<?xml version="1.0" encoding="UTF-8"?>
<testng-results ignored="0" total="1" passed="1" failed="0" skipped="0">
  <reporter-output>
  </reporter-output>
  <suite started-at="2023-12-31T01:05:13 IST" name="Default suite" finished-at="2023-12-31T01:05:22 IST" duration-ms="8846">
    <groups>
    </groups>
    <test started-at="2023-12-31T01:05:13 IST" name="Default test" finished-at="2023-12-31T01:05:22 IST" duration-ms="8846">
      <class name="Test.SubmitFormTest">
        <test-method is-config="true" signature="setUp(java.lang.String)[pri:0, instance:Test.SubmitFormTest@58cbafc2]" started-at="2023-12-31T01:05:13 IST" name="setUp" finished-at="2023-12-31T01:05:17 IST" duration-ms="3593" status="PASS">
          <params>
            <param index="0">
              <value>
                <![CDATA[chrome]]>
              </value>
            </param>
          </params>
          <reporter-output>
          </reporter-output>
        </test-method> <!-- setUp -->
        <test-method signature="formSubmitTest()[pri:0, instance:Test.SubmitFormTest@58cbafc2]" started-at="2023-12-31T01:05:17 IST" name="formSubmitTest" finished-at="2023-12-31T01:05:22 IST" duration-ms="4762" status="PASS">
          <reporter-output>
          </reporter-output>
        </test-method> <!-- formSubmitTest -->
        <test-method is-config="true" signature="closeTest()[pri:0, instance:Test.SubmitFormTest@58cbafc2]" started-at="2023-12-31T01:05:22 IST" name="closeTest" finished-at="2023-12-31T01:05:22 IST" duration-ms="427" status="PASS">
          <reporter-output>
          </reporter-output>
        </test-method> <!-- closeTest -->
      </class> <!-- Test.SubmitFormTest -->
    </test> <!-- Default test -->
  </suite> <!-- Default suite -->
</testng-results>
