<?xml version="1.0" encoding="UTF-8"?>
<testng-results ignored="0" total="1" passed="1" failed="0" skipped="0">
  <reporter-output>
  </reporter-output>
  <suite started-at="2023-12-26T20:48:16 IST" name="Default suite" finished-at="2023-12-26T20:48:28 IST" duration-ms="12057">
    <groups>
    </groups>
    <test started-at="2023-12-26T20:48:16 IST" name="Default test" finished-at="2023-12-26T20:48:28 IST" duration-ms="12057">
      <class name="Test.TableTest">
        <test-method is-config="true" signature="setUp(java.lang.String)[pri:0, instance:Test.TableTest@58cbafc2]" started-at="2023-12-26T20:48:16 IST" name="setUp" finished-at="2023-12-26T20:48:21 IST" duration-ms="4360" status="PASS">
          <params>
            <param index="0">
              <value>
                <![CDATA[chrome]]>
              </value>
            </param>
          </params>
          <reporter-output>
          </reporter-output>
        </test-method> <!-- setUp -->
        <test-method signature="tableVerify()[pri:0, instance:Test.TableTest@58cbafc2]" started-at="2023-12-26T20:48:21 IST" name="tableVerify" finished-at="2023-12-26T20:48:28 IST" duration-ms="6807" status="PASS">
          <reporter-output>
          </reporter-output>
        </test-method> <!-- tableVerify -->
        <test-method is-config="true" signature="closeTest()[pri:0, instance:Test.TableTest@58cbafc2]" started-at="2023-12-26T20:48:28 IST" name="closeTest" finished-at="2023-12-26T20:48:28 IST" duration-ms="800" status="PASS">
          <reporter-output>
          </reporter-output>
        </test-method> <!-- closeTest -->
      </class> <!-- Test.TableTest -->
    </test> <!-- Default test -->
  </suite> <!-- Default suite -->
</testng-results>
